<?xml version="1.0" encoding="UTF-8"?>
<testsuite xmlns:xsi="http://www.w3.org/2001/XMLSchema-instance" xsi:noNamespaceSchemaLocation="https://maven.apache.org/surefire/maven-surefire-plugin/xsd/surefire-test-report.xsd" version="3.0.2" name="org.jfm.test.EmailServiceTest" time="15.707" tests="2" errors="0" skipped="0" failures="0">
  <properties>
[...]
</properties>
  <testcase name="sendEmail_success" classname="org.jfm.test.EmailServiceTest" time="1.116">
    <system-out><![CDATA[2025-02-08 13:46:42,790 WARN  [io.qua.agr.dep.AgroalProcessor] (build-15) The Agroal dependency is present but no JDBC datasources have been defined.
2025-02-08 13:46:43,630 WARN  [io.qua.hib.orm.dep.HibernateOrmProcessor] (build-16) Hibernate ORM is disabled because no JPA entities were found
2025-02-08 13:46:43,651 WARN  [io.qua.dat.dep.dev.DevServicesDatasourceProcessor] (build-22) Unable to determine a database type for default datasource
2025-02-08 13:46:43,718 INFO  [org.tes.DockerClientFactory] (build-30) Testcontainers version: 1.20.4
2025-02-08 13:46:43,939 INFO  [org.tes.doc.DockerClientProviderStrategy] (build-30) Loaded org.testcontainers.dockerclient.UnixSocketClientProviderStrategy from ~/.testcontainers.properties, will try it first
2025-02-08 13:46:44,440 INFO  [org.tes.doc.DockerClientProviderStrategy] (build-30) Found Docker environment with local Unix socket (unix:///var/run/docker.sock)
2025-02-08 13:46:44,454 INFO  [org.tes.DockerClientFactory] (build-30) Docker host IP address is localhost
2025-02-08 13:46:44,497 INFO  [org.tes.DockerClientFactory] (build-30) Connected to docker: 
  Server Version: 27.1.1
  API Version: 1.46
  Operating System: Ubuntu 22.04.4 LTS
  Total Memory: 3860 MB
2025-02-08 13:46:44,513 INFO  [org.tes.ima.PullPolicy] (build-30) Image pull policy will be performed by: DefaultPullPolicy()
2025-02-08 13:46:44,515 INFO  [org.tes.uti.ImageNameSubstitutor] (build-30) Image name substitution will be performed by: DefaultImageNameSubstitutor (composite of 'ConfigurationFileImageNameSubstitutor' and 'PrefixingImageNameSubstitutor')
2025-02-08 13:46:44,533 INFO  [org.tes.DockerClientFactory] (build-30) Checking the system...
2025-02-08 13:46:44,535 INFO  [org.tes.DockerClientFactory] (build-30) ✔︎ Docker server version should be at least 1.6.0
2025-02-08 13:46:44,581 INFO  [tc.loc.7.2] (build-30) LOCALSTACK_HOST environment variable set to localstack-hrxbg (to match last network alias on container with non-default network)
2025-02-08 13:46:44,584 INFO  [tc.loc.7.2] (build-30) Creating container for image: localstack/localstack:3.7.2
2025-02-08 13:46:44,591 INFO  [org.tes.uti.RegistryAuthLocator] (build-30) Failure when attempting to lookup auth config. Please ignore if you don't have images in an authenticated registry. Details: (dockerImageName: localstack/localstack:3.7.2, configFile: /home/joaomarcos11/.docker/config.json, configEnv: DOCKER_AUTH_CONFIG). Falling back to docker-java default behaviour. Exception message: Status 404: No config supplied. Checked in order: /home/joaomarcos11/.docker/config.json (file not found), DOCKER_AUTH_CONFIG (not set)
2025-02-08 13:46:44,600 INFO  [tc.tes.11.0] (build-30) Creating container for image: testcontainers/ryuk:0.11.0
2025-02-08 13:46:44,772 INFO  [tc.tes.11.0] (build-30) Container testcontainers/ryuk:0.11.0 is starting: a236fbc1bf8d14db6d0e7a6df97a53a71e6285a3360fe77d463f5f2abf9815ec
2025-02-08 13:46:46,340 INFO  [tc.tes.11.0] (build-30) Container testcontainers/ryuk:0.11.0 started in PT1.739375303S
2025-02-08 13:46:47,729 INFO  [tc.loc.7.2] (build-30) Container localstack/localstack:3.7.2 is starting: 8bc4596e349355b69c07cf7dc166f2de26cdd3a1cbdb03feca3042fa645ed57e
2025-02-08 13:46:50,717 INFO  [tc.loc.7.2] (build-30) Container localstack/localstack:3.7.2 started in PT6.133276098S
2025-02-08 13:46:51,207 INFO  [io.qua.ama.com.dep.DevServicesLocalStackProcessor] (build-30) Amazon Dev Services for localstack (sqs) started. Other Quarkus applications in dev mode will find the LocalStack automatically.
2025-02-08 13:46:52,244 INFO  [io.quarkus] (main) mail-sender 1.0.0-SNAPSHOT on JVM (powered by Quarkus 3.17.7) started in 11.020s. Listening on: http://localhost:8081
2025-02-08 13:46:52,245 INFO  [io.quarkus] (main) Profile test activated. 
2025-02-08 13:46:52,245 INFO  [io.quarkus] (main) Installed features: [agroal, amazon-sdk-sqs, cdi, hibernate-orm, hibernate-orm-panache, jacoco, mailer, narayana-jta, qute, resteasy-jackson, scheduler, smallrye-context-propagation, vertx]
2025-02-08 13:46:53,319 INFO  [org.jfm.app.EmailService] (main) Email sent successfully to test@example.com
]]></system-out>
    <system-err><![CDATA[WARNING: A Java agent has been loaded dynamically (/home/joaomarcos11/.m2/repository/net/bytebuddy/byte-buddy-agent/1.14.6/byte-buddy-agent-1.14.6.jar)
WARNING: If a serviceability tool is in use, please run with -XX:+EnableDynamicAgentLoading to hide this warning
WARNING: If a serviceability tool is not in use, please run with -Djdk.instrument.traceUsage for more information
WARNING: Dynamic loading of agents will be disallowed by default in a future release
]]></system-err>
  </testcase>
  <testcase name="sendEmail_failure" classname="org.jfm.test.EmailServiceTest" time="0.036">
    <system-out><![CDATA[2025-02-08 13:46:53,418 ERROR [org.jfm.app.EmailService] (main) Error sending email to test@example.com: java.lang.RuntimeException: Mail server error
	at org.jfm.application.EmailService.sendEmail(EmailService.java:21)
	at org.jfm.test.EmailServiceTest.lambda$sendEmail_failure$0(EmailServiceTest.java:56)
	at org.junit.jupiter.api.AssertThrows.assertThrows(AssertThrows.java:53)
	at org.junit.jupiter.api.AssertThrows.assertThrows(AssertThrows.java:35)
	at org.junit.jupiter.api.Assertions.assertThrows(Assertions.java:3115)
	at org.jfm.test.EmailServiceTest.sendEmail_failure(EmailServiceTest.java:54)
	at java.base/jdk.internal.reflect.DirectMethodHandleAccessor.invoke(DirectMethodHandleAccessor.java:103)
	at java.base/java.lang.reflect.Method.invoke(Method.java:580)
	at io.quarkus.test.junit.QuarkusTestExtension.runExtensionMethod(QuarkusTestExtension.java:967)
	at io.quarkus.test.junit.QuarkusTestExtension.interceptTestMethod(QuarkusTestExtension.java:817)
	at org.junit.jupiter.engine.execution.InterceptingExecutableInvoker$ReflectiveInterceptorCall.lambda$ofVoidMethod$0(InterceptingExecutableInvoker.java:103)
	at org.junit.jupiter.engine.execution.InterceptingExecutableInvoker.lambda$invoke$0(InterceptingExecutableInvoker.java:93)
	at org.junit.jupiter.engine.execution.InvocationInterceptorChain$InterceptedInvocation.proceed(InvocationInterceptorChain.java:106)
	at org.junit.jupiter.engine.extension.TimeoutExtension.intercept(TimeoutExtension.java:156)
	at org.junit.jupiter.engine.extension.TimeoutExtension.interceptTestableMethod(TimeoutExtension.java:147)
	at org.junit.jupiter.engine.extension.TimeoutExtension.interceptTestMethod(TimeoutExtension.java:86)
	at org.junit.jupiter.engine.execution.InterceptingExecutableInvoker$ReflectiveInterceptorCall.lambda$ofVoidMethod$0(InterceptingExecutableInvoker.java:103)
	at org.junit.jupiter.engine.execution.InterceptingExecutableInvoker.lambda$invoke$0(InterceptingExecutableInvoker.java:93)
	at org.junit.jupiter.engine.execution.InvocationInterceptorChain$InterceptedInvocation.proceed(InvocationInterceptorChain.java:106)
	at org.junit.jupiter.engine.execution.InvocationInterceptorChain.proceed(InvocationInterceptorChain.java:64)
	at org.junit.jupiter.engine.execution.InvocationInterceptorChain.chainAndInvoke(InvocationInterceptorChain.java:45)
	at org.junit.jupiter.engine.execution.InvocationInterceptorChain.invoke(InvocationInterceptorChain.java:37)
	at org.junit.jupiter.engine.execution.InterceptingExecutableInvoker.invoke(InterceptingExecutableInvoker.java:92)
	at org.junit.jupiter.engine.execution.InterceptingExecutableInvoker.invoke(InterceptingExecutableInvoker.java:86)
	at org.junit.jupiter.engine.descriptor.TestMethodTestDescriptor.lambda$invokeTestMethod$7(TestMethodTestDescriptor.java:218)
	at org.junit.platform.engine.support.hierarchical.ThrowableCollector.execute(ThrowableCollector.java:73)
	at org.junit.jupiter.engine.descriptor.TestMethodTestDescriptor.invokeTestMethod(TestMethodTestDescriptor.java:214)
	at org.junit.jupiter.engine.descriptor.TestMethodTestDescriptor.execute(TestMethodTestDescriptor.java:139)
	at org.junit.jupiter.engine.descriptor.TestMethodTestDescriptor.execute(TestMethodTestDescriptor.java:69)
	at org.junit.platform.engine.support.hierarchical.NodeTestTask.lambda$executeRecursively$6(NodeTestTask.java:156)
	at org.junit.platform.engine.support.hierarchical.ThrowableCollector.execute(ThrowableCollector.java:73)
	at org.junit.platform.engine.support.hierarchical.NodeTestTask.lambda$executeRecursively$8(NodeTestTask.java:146)
	at org.junit.platform.engine.support.hierarchical.Node.around(Node.java:137)
	at org.junit.platform.engine.support.hierarchical.NodeTestTask.lambda$executeRecursively$9(NodeTestTask.java:144)
	at org.junit.platform.engine.support.hierarchical.ThrowableCollector.execute(ThrowableCollector.java:73)
	at org.junit.platform.engine.support.hierarchical.NodeTestTask.executeRecursively(NodeTestTask.java:143)
	at org.junit.platform.engine.support.hierarchical.NodeTestTask.execute(NodeTestTask.java:100)
	at java.base/java.util.ArrayList.forEach(ArrayList.java:1596)
	at org.junit.platform.engine.support.hierarchical.SameThreadHierarchicalTestExecutorService.invokeAll(SameThreadHierarchicalTestExecutorService.java:41)
	at org.junit.platform.engine.support.hierarchical.NodeTestTask.lambda$executeRecursively$6(NodeTestTask.java:160)
	at org.junit.platform.engine.support.hierarchical.ThrowableCollector.execute(ThrowableCollector.java:73)
	at org.junit.platform.engine.support.hierarchical.NodeTestTask.lambda$executeRecursively$8(NodeTestTask.java:146)
	at org.junit.platform.engine.support.hierarchical.Node.around(Node.java:137)
	at org.junit.platform.engine.support.hierarchical.NodeTestTask.lambda$executeRecursively$9(NodeTestTask.java:144)
	at org.junit.platform.engine.support.hierarchical.ThrowableCollector.execute(ThrowableCollector.java:73)
	at org.junit.platform.engine.support.hierarchical.NodeTestTask.executeRecursively(NodeTestTask.java:143)
	at org.junit.platform.engine.support.hierarchical.NodeTestTask.execute(NodeTestTask.java:100)
	at java.base/java.util.ArrayList.forEach(ArrayList.java:1596)
	at org.junit.platform.engine.support.hierarchical.SameThreadHierarchicalTestExecutorService.invokeAll(SameThreadHierarchicalTestExecutorService.java:41)
	at org.junit.platform.engine.support.hierarchical.NodeTestTask.lambda$executeRecursively$6(NodeTestTask.java:160)
	at org.junit.platform.engine.support.hierarchical.ThrowableCollector.execute(ThrowableCollector.java:73)
	at org.junit.platform.engine.support.hierarchical.NodeTestTask.lambda$executeRecursively$8(NodeTestTask.java:146)
	at org.junit.platform.engine.support.hierarchical.Node.around(Node.java:137)
	at org.junit.platform.engine.support.hierarchical.NodeTestTask.lambda$executeRecursively$9(NodeTestTask.java:144)
	at org.junit.platform.engine.support.hierarchical.ThrowableCollector.execute(ThrowableCollector.java:73)
	at org.junit.platform.engine.support.hierarchical.NodeTestTask.executeRecursively(NodeTestTask.java:143)
	at org.junit.platform.engine.support.hierarchical.NodeTestTask.execute(NodeTestTask.java:100)
	at org.junit.platform.engine.support.hierarchical.SameThreadHierarchicalTestExecutorService.submit(SameThreadHierarchicalTestExecutorService.java:35)
	at org.junit.platform.engine.support.hierarchical.HierarchicalTestExecutor.execute(HierarchicalTestExecutor.java:57)
	at org.junit.platform.engine.support.hierarchical.HierarchicalTestEngine.execute(HierarchicalTestEngine.java:54)
	at org.junit.platform.launcher.core.EngineExecutionOrchestrator.execute(EngineExecutionOrchestrator.java:198)
	at org.junit.platform.launcher.core.EngineExecutionOrchestrator.execute(EngineExecutionOrchestrator.java:169)
	at org.junit.platform.launcher.core.EngineExecutionOrchestrator.execute(EngineExecutionOrchestrator.java:93)
	at org.junit.platform.launcher.core.EngineExecutionOrchestrator.lambda$execute$0(EngineExecutionOrchestrator.java:58)
	at org.junit.platform.launcher.core.EngineExecutionOrchestrator.withInterceptedStreams(EngineExecutionOrchestrator.java:141)
	at org.junit.platform.launcher.core.EngineExecutionOrchestrator.execute(EngineExecutionOrchestrator.java:57)
	at org.junit.platform.launcher.core.DefaultLauncher.execute(DefaultLauncher.java:103)
	at org.junit.platform.launcher.core.DefaultLauncher.execute(DefaultLauncher.java:85)
	at org.junit.platform.launcher.core.DelegatingLauncher.execute(DelegatingLauncher.java:47)
	at org.apache.maven.surefire.junitplatform.LazyLauncher.execute(LazyLauncher.java:56)
	at org.apache.maven.surefire.junitplatform.JUnitPlatformProvider.execute(JUnitPlatformProvider.java:184)
	at org.apache.maven.surefire.junitplatform.JUnitPlatformProvider.invokeAllTests(JUnitPlatformProvider.java:148)
	at org.apache.maven.surefire.junitplatform.JUnitPlatformProvider.invoke(JUnitPlatformProvider.java:122)
	at org.apache.maven.surefire.booter.ForkedBooter.runSuitesInProcess(ForkedBooter.java:385)
	at org.apache.maven.surefire.booter.ForkedBooter.execute(ForkedBooter.java:162)
	at org.apache.maven.surefire.booter.ForkedBooter.run(ForkedBooter.java:507)
	at org.apache.maven.surefire.booter.ForkedBooter.main(ForkedBooter.java:495)

]]></system-out>
  </testcase>
</testsuite>